Build started 3/3/2017 7:45:03 AM.
     1>Project "D:\GIT_ROOT\SP2\DM2122_Framework\Application\Application.vcxproj" on node 2 (Build target(s)).
     1>ClCompile:
         C:\Program Files (x86)\Microsoft Visual Studio 12.0\VC\bin\CL.exe /c /ID:\GIT_ROOT\SP2\DM2122_Framework\\glew\include /ID:\GIT_ROOT\SP2\DM2122_Framework\\glfw\include /ID:\GIT_ROOT\SP2\DM2122_Framework\\Common\Source /ID:\GIT_ROOT\SP2\DM2122_Framework\\irrKlang\include /ZI /nologo /W3 /WX- /Od /Oy- /D WIN32 /D _DEBUG /D _CONSOLE /D _LIB /D _UNICODE /D UNICODE /Gm /EHsc /RTC1 /MDd /GS /fp:precise /Zc:wchar_t /Zc:forScope /Fo"Debug\\" /Fd"Debug\vc120.pdb" /Gd /TP /analyze- /errorReport:prompt Source\Platformer.cpp
         Platformer.cpp
     1>d:\git_root\sp2\dm2122_framework\application\source\platformercamera.h(64): warning C4305: 'initializing' : truncation from 'double' to 'float'
     1>d:\git_root\sp2\dm2122_framework\application\source\platformer.cpp(374): error C2065: 'k' : undeclared identifier
     1>d:\git_root\sp2\dm2122_framework\application\source\platformer.cpp(374): error C2143: syntax error : missing ';' before 'if'
     1>d:\git_root\sp2\dm2122_framework\application\source\platformer.cpp(389): warning C4305: 'argument' : truncation from 'double' to 'float'
     1>d:\git_root\sp2\dm2122_framework\application\source\platformer.cpp(396): warning C4305: 'argument' : truncation from 'double' to 'float'
     1>d:\git_root\sp2\dm2122_framework\application\source\platformer.cpp(403): warning C4305: 'argument' : truncation from 'double' to 'float'
     1>d:\git_root\sp2\dm2122_framework\application\source\platformer.cpp(410): warning C4305: 'argument' : truncation from 'double' to 'float'
     1>d:\git_root\sp2\dm2122_framework\application\source\platformer.cpp(416): warning C4305: 'argument' : truncation from 'double' to 'float'
     1>d:\git_root\sp2\dm2122_framework\application\source\platformer.cpp(424): warning C4305: 'argument' : truncation from 'double' to 'float'
     1>d:\git_root\sp2\dm2122_framework\application\source\platformer.cpp(609): warning C4244: 'argument' : conversion from 'time_t' to 'unsigned int', possible loss of data
     1>d:\git_root\sp2\dm2122_framework\application\source\platformer.cpp(728): warning C4244: 'argument' : conversion from 'int' to 'float', possible loss of data
     1>d:\git_root\sp2\dm2122_framework\application\source\platformer.cpp(756): warning C4244: 'argument' : conversion from 'int' to 'float', possible loss of data
     1>d:\git_root\sp2\dm2122_framework\application\source\platformer.cpp(774): warning C4244: 'argument' : conversion from 'int' to 'float', possible loss of data
     1>d:\git_root\sp2\dm2122_framework\application\source\platformer.cpp(781): warning C4244: 'argument' : conversion from 'int' to 'float', possible loss of data
     1>d:\git_root\sp2\dm2122_framework\application\source\platformer.cpp(790): warning C4244: 'argument' : conversion from 'int' to 'float', possible loss of data
     1>d:\git_root\sp2\dm2122_framework\application\source\platformer.cpp(799): warning C4244: 'argument' : conversion from 'int' to 'float', possible loss of data
     1>d:\git_root\sp2\dm2122_framework\application\source\platformer.cpp(808): warning C4244: 'argument' : conversion from 'int' to 'float', possible loss of data
     1>d:\git_root\sp2\dm2122_framework\application\source\platformer.cpp(816): warning C4244: 'argument' : conversion from 'int' to 'float', possible loss of data
     1>Done Building Project "D:\GIT_ROOT\SP2\DM2122_Framework\Application\Application.vcxproj" (Build target(s)) -- FAILED.

Build FAILED.

Time Elapsed 00:00:00.80
